<?xml version="1.0" encoding="UTF-8"?>
<!-- Generated by org.testng.reporters.JUnitReportReporter -->
<testsuite hostname="anukya" failures="0" tests="1" name="TestRunner.CucumberTestRunner" time="5.495" errors="0" timestamp="2024-07-23T02:35:56 IST" skipped="0">
  <testcase classname="TestRunner.CucumberTestRunner" name="runScenario" time="5.495"/>
</testsuite> <!-- TestRunner.CucumberTestRunner -->
